2022-04-27 13:31:46,283:WARNING:discord.client: PyNaCl is not installed, voice will NOT be supported
2022-04-27 13:31:46,283:INFO:discord.client: logging in using static token
2022-04-27 13:31:46,602:DEBUG:discord.http: GET https://discord.com/api/v7/users/@me with None has returned 200
2022-04-27 13:31:46,602:DEBUG:discord.http: GET https://discord.com/api/v7/users/@me has received {'id': '967473716609056788', 'username': 'Test_Bot', 'avatar': None, 'avatar_decoration': None, 'discriminator': '7362', 'public_flags': 0, 'flags': 0, 'bot': True, 'banner': None, 'banner_color': None, 'accent_color': None, 'bio': '', 'pronouns': '', 'locale': 'en-US', 'mfa_enabled': False, 'email': None, 'verified': True}
2022-04-27 13:31:46,648:DEBUG:discord.http: GET https://discord.com/api/v7/gateway with None has returned 200
2022-04-27 13:31:46,648:DEBUG:discord.http: GET https://discord.com/api/v7/gateway has received {'url': 'wss://gateway.discord.gg'}
2022-04-27 13:31:46,892:DEBUG:discord.gateway: Created websocket connected to wss://gateway.discord.gg?encoding=json&v=6&compress=zlib-stream
2022-04-27 13:31:46,893:DEBUG:discord.client: Dispatching event socket_raw_receive
2022-04-27 13:31:46,893:DEBUG:discord.gateway: For Shard ID None: WebSocket Event: {'t': None, 's': None, 'op': 10, 'd': {'heartbeat_interval': 41250, '_trace': ['["gateway-prd-main-n4ql",{"micros":0.0}]']}}
2022-04-27 13:31:46,893:DEBUG:discord.client: Dispatching event socket_response
2022-04-27 13:31:46,893:DEBUG:discord.client: Dispatching event socket_raw_send
2022-04-27 13:31:46,894:DEBUG:discord.client: Dispatching event socket_raw_send
2022-04-27 13:31:46,894:INFO:discord.gateway: Shard ID None has sent the IDENTIFY payload.
2022-04-27 13:31:47,040:DEBUG:discord.client: Dispatching event socket_raw_receive
2022-04-27 13:31:47,040:DEBUG:discord.gateway: For Shard ID None: WebSocket Event: {'t': None, 's': None, 'op': 11, 'd': None}
2022-04-27 13:31:47,040:DEBUG:discord.client: Dispatching event socket_response
2022-04-27 13:31:49,435:DEBUG:discord.client: Dispatching event socket_raw_receive
2022-04-27 13:31:49,436:DEBUG:discord.gateway: For Shard ID None: WebSocket Event: {'t': None, 's': None, 'op': 9, 'd': False}
2022-04-27 13:31:49,436:DEBUG:discord.client: Dispatching event socket_response
2022-04-27 13:31:49,436:INFO:discord.gateway: Shard ID None session has been invalidated.
2022-04-27 13:31:49,582:INFO:discord.client: Got a request to IDENTIFY the websocket.
2022-04-27 13:31:49,583:DEBUG:discord.client: Dispatching event disconnect
2022-04-27 13:31:49,630:DEBUG:discord.http: GET https://discord.com/api/v7/gateway with None has returned 200
2022-04-27 13:31:49,630:DEBUG:discord.http: GET https://discord.com/api/v7/gateway has received {'url': 'wss://gateway.discord.gg'}
2022-04-27 13:31:49,900:DEBUG:discord.gateway: Created websocket connected to wss://gateway.discord.gg?encoding=json&v=6&compress=zlib-stream
2022-04-27 13:31:49,901:DEBUG:discord.client: Dispatching event socket_raw_receive
2022-04-27 13:31:49,901:DEBUG:discord.gateway: For Shard ID None: WebSocket Event: {'t': None, 's': None, 'op': 10, 'd': {'heartbeat_interval': 41250, '_trace': ['["gateway-prd-main-8rgr",{"micros":0.0}]']}}
2022-04-27 13:31:49,901:DEBUG:discord.client: Dispatching event socket_response
2022-04-27 13:31:49,902:DEBUG:discord.client: Dispatching event socket_raw_send
2022-04-27 13:31:54,910:DEBUG:discord.client: Dispatching event socket_raw_send
2022-04-27 13:31:54,911:INFO:discord.gateway: Shard ID None has sent the IDENTIFY payload.
2022-04-27 13:31:54,912:DEBUG:discord.client: Dispatching event socket_raw_receive
2022-04-27 13:31:54,913:DEBUG:discord.gateway: For Shard ID None: WebSocket Event: {'t': None, 's': None, 'op': 11, 'd': None}
2022-04-27 13:31:54,913:DEBUG:discord.client: Dispatching event socket_response
2022-04-27 13:31:55,219:DEBUG:discord.client: Dispatching event socket_raw_receive
2022-04-27 13:31:55,220:DEBUG:discord.gateway: For Shard ID None: WebSocket Event: {'t': 'READY', 's': 1, 'op': 0, 'd': {'v': 6, 'user_settings': {}, 'user': {'verified': True, 'username': 'Test_Bot', 'mfa_enabled': False, 'id': '967473716609056788', 'flags': 0, 'email': None, 'discriminator': '7362', 'bot': True, 'avatar': None}, 'session_id': '9c68b0cea0727fb5e5e88ffba9dde7ba', 'relationships': [], 'private_channels': [], 'presences': [], 'guilds': [{'unavailable': True, 'id': '967883175688802305'}], 'guild_join_requests': [], 'geo_ordered_rtc_regions': ['russia', 'st-pete', 'stockholm', 'bucharest', 'rotterdam'], 'application': {'id': '967473716609056788', 'flags': 827392}, '_trace': ['["gateway-prd-main-8rgr",{"micros":137265,"calls":["discord-sessions-green-prd-2-152",{"micros":135562,"calls":["start_session",{"micros":90123,"calls":["discord-api-58f68b7d47-m2tvk",{"micros":84631,"calls":["get_user",{"micros":8030},"add_authorized_ip",{"micros":5072},"get_guilds",{"micros":15289},"coros_wait",{"micros":3}]}]},"guilds_connect",{"micros":2,"calls":[]},"presence_connect",{"micros":1,"calls":[]}]}]}]']}}
2022-04-27 13:31:55,220:DEBUG:discord.client: Dispatching event socket_response
2022-04-27 13:31:55,220:INFO:discord.gateway: Shard ID None has connected to Gateway: ["gateway-prd-main-8rgr",{"micros":137265,"calls":["discord-sessions-green-prd-2-152",{"micros":135562,"calls":["start_session",{"micros":90123,"calls":["discord-api-58f68b7d47-m2tvk",{"micros":84631,"calls":["get_user",{"micros":8030},"add_authorized_ip",{"micros":5072},"get_guilds",{"micros":15289},"coros_wait",{"micros":3}]}]},"guilds_connect",{"micros":2,"calls":[]},"presence_connect",{"micros":1,"calls":[]}]}]}] (Session ID: 9c68b0cea0727fb5e5e88ffba9dde7ba).
2022-04-27 13:31:55,247:DEBUG:discord.client: Dispatching event connect
2022-04-27 13:31:55,248:DEBUG:discord.client: Dispatching event socket_raw_receive
2022-04-27 13:31:55,248:DEBUG:discord.gateway: For Shard ID None: WebSocket Event: {'t': 'GUILD_CREATE', 's': 2, 'op': 0, 'd': {'system_channel_flags': 0, 'name': '햐햣쒫왐 Zener_085', 'public_updates_channel_id': None, 'features': ['EXPOSED_TO_ACTIVITIES_WTP_EXPERIMENT'], 'nsfw': False, 'region': 'deprecated', 'icon': None, 'verification_level': 0, 'guild_hashes': {'version': 1, 'roles': {'omitted': False, 'hash': 'gFilfSqIwc0'}, 'metadata': {'omitted': False, 'hash': '1wql9yIVNBA'}, 'channels': {'omitted': False, 'hash': '2Rf/2biLYbA'}}, 'stage_instances': [], 'premium_subscription_count': 0, 'premium_tier': 0, 'mfa_level': 0, 'rules_channel_id': None, 'presences': [{'user': {'id': '510884298484875294'}, 'status': 'online', 'game': None, 'client_status': {'desktop': 'online'}, 'activities': []}, {'user': {'id': '967473716609056788'}, 'status': 'online', 'game': None, 'client_status': {'web': 'online'}, 'activities': []}], 'unavailable': False, 'application_id': None, 'guild_scheduled_events': [], 'default_message_notifications': 0, 'premium_progress_bar_enabled': False, 'vanity_url_code': None, 'member_count': 2, 'joined_at': '2022-04-24T20:31:32.221000+00:00', 'roles': [{'unicode_emoji': None, 'tags': {}, 'position': 0, 'permissions_new': '1071698660929', 'permissions': 104320577, 'name': '@everyone', 'mentionable': False, 'managed': False, 'id': '967883175688802305', 'icon': None, 'hoist': False, 'color': 0}, {'unicode_emoji': None, 'tags': {'bot_id': '967473716609056788'}, 'position': 1, 'permissions_new': '8', 'permissions': 8, 'name': 'Test_Bot', 'mentionable': False, 'managed': True, 'id': '967885527326027828', 'icon': None, 'hoist': False, 'color': 0}], 'description': None, 'large': False, 'preferred_locale': 'en-US', 'lazy': True, 'threads': [], 'afk_timeout': 300, 'stickers': [], 'banner': None, 'nsfw_level': 0, 'explicit_content_filter': 0, 'embedded_activities': [], 'emojis': [], 'channels': [{'type': 4, 'position': 0, 'permission_overwrites': [], 'name': 'Text Channels', 'id': '967883176225693767', 'flags': 0}, {'type': 4, 'position': 0, 'permission_overwrites': [], 'name': 'Voice Channels', 'id': '967883176225693768', 'flags': 0}, {'type': 0, 'topic': None, 'rate_limit_per_user': 0, 'position': 0, 'permission_overwrites': [], 'parent_id': '967883176225693767', 'name': 'general', 'last_message_id': '968821759971319868', 'id': '967883176225693769', 'flags': 0}, {'user_limit': 0, 'type': 2, 'rtc_region': None, 'rate_limit_per_user': 0, 'position': 0, 'permission_overwrites': [], 'parent_id': '967883176225693768', 'name': 'General', 'last_message_id': None, 'id': '967883176225693770', 'flags': 0, 'bitrate': 64000}], 'hub_type': None, 'owner_id': '510884298484875294', 'id': '967883175688802305', 'members': [{'user': {'username': 'Zener_085', 'public_flags': 128, 'id': '510884298484875294', 'discriminator': '7423', 'avatar': '553726aeac8de8c99fae6525b1c51b24'}, 'roles': [], 'mute': False, 'joined_at': '2022-04-24T20:22:11.572000+00:00', 'hoisted_role': None, 'flags': 0, 'deaf': False}, {'user': {'username': 'Test_Bot', 'id': '967473716609056788', 'discriminator': '7362', 'bot': True, 'avatar': None}, 'roles': ['967885527326027828'], 'mute': False, 'joined_at': '2022-04-24T20:31:32.221000+00:00', 'hoisted_role': None, 'flags': 0, 'deaf': False}], 'voice_states': [], 'max_members': 500000, 'application_command_counts': {'3': 0, '2': 0, '1': 0}, 'discovery_splash': None, 'afk_channel_id': None, 'splash': None, 'system_channel_id': '967883176225693769', 'max_video_channel_users': 25}}
2022-04-27 13:31:55,249:DEBUG:discord.client: Dispatching event socket_response
2022-04-27 13:31:55,250:DEBUG:discord.client: Dispatching event guild_available
2022-04-27 13:31:57,259:DEBUG:discord.client: Dispatching event ready
2022-04-27 13:31:57,494:DEBUG:discord.client: Dispatching event socket_raw_receive
2022-04-27 13:31:57,494:DEBUG:discord.gateway: For Shard ID None: WebSocket Event: {'t': 'MESSAGE_CREATE', 's': 3, 'op': 0, 'd': {'type': 0, 'tts': False, 'timestamp': '2022-04-27T10:31:58.132000+00:00', 'referenced_message': None, 'pinned': False, 'mentions': [], 'mention_roles': [], 'mention_everyone': False, 'member': {'roles': ['967885527326027828'], 'mute': False, 'joined_at': '2022-04-24T20:31:32.221000+00:00', 'hoisted_role': None, 'flags': 0, 'deaf': False}, 'id': '968821804921667604', 'flags': 0, 'embeds': [], 'edited_timestamp': None, 'content': 'New message', 'components': [], 'channel_id': '967883176225693769', 'author': {'username': 'Test_Bot', 'public_flags': 0, 'id': '967473716609056788', 'discriminator': '7362', 'bot': True, 'avatar_decoration': None, 'avatar': None}, 'attachments': [], 'guild_id': '967883175688802305'}}
2022-04-27 13:31:57,494:DEBUG:discord.client: Dispatching event socket_response
2022-04-27 13:31:57,494:DEBUG:discord.client: Dispatching event message
2022-04-27 13:31:57,519:DEBUG:discord.http: POST https://discord.com/api/v7/channels/967883176225693769/messages with {"content":"New message"} has returned 200
2022-04-27 13:31:57,519:DEBUG:discord.http: POST https://discord.com/api/v7/channels/967883176225693769/messages has received {'id': '968821804921667604', 'type': 0, 'content': 'New message', 'channel_id': '967883176225693769', 'author': {'id': '967473716609056788', 'username': 'Test_Bot', 'avatar': None, 'avatar_decoration': None, 'discriminator': '7362', 'public_flags': 0, 'bot': True}, 'attachments': [], 'embeds': [], 'mentions': [], 'mention_roles': [], 'pinned': False, 'mention_everyone': False, 'tts': False, 'timestamp': '2022-04-27T10:31:58.132000+00:00', 'edited_timestamp': None, 'flags': 0, 'components': [], 'referenced_message': None}
2022-04-27 13:32:31,161:DEBUG:discord.gateway: Keeping shard ID None websocket alive with sequence 3.
2022-04-27 13:32:31,463:DEBUG:discord.client: Dispatching event socket_raw_receive
2022-04-27 13:32:31,464:DEBUG:discord.gateway: For Shard ID None: WebSocket Event: {'t': None, 's': None, 'op': 11, 'd': None}
2022-04-27 13:32:31,465:DEBUG:discord.client: Dispatching event socket_response
2022-04-27 13:32:57,636:DEBUG:discord.client: Dispatching event socket_raw_receive
2022-04-27 13:32:57,636:DEBUG:discord.gateway: For Shard ID None: WebSocket Event: {'t': 'MESSAGE_CREATE', 's': 4, 'op': 0, 'd': {'type': 0, 'tts': False, 'timestamp': '2022-04-27T10:32:58.247000+00:00', 'referenced_message': None, 'pinned': False, 'mentions': [], 'mention_roles': [], 'mention_everyone': False, 'member': {'roles': ['967885527326027828'], 'mute': False, 'joined_at': '2022-04-24T20:31:32.221000+00:00', 'hoisted_role': None, 'flags': 0, 'deaf': False}, 'id': '968822057062264852', 'flags': 0, 'embeds': [], 'edited_timestamp': None, 'content': 'New message', 'components': [], 'channel_id': '967883176225693769', 'author': {'username': 'Test_Bot', 'public_flags': 0, 'id': '967473716609056788', 'discriminator': '7362', 'bot': True, 'avatar_decoration': None, 'avatar': None}, 'attachments': [], 'guild_id': '967883175688802305'}}
2022-04-27 13:32:57,637:DEBUG:discord.client: Dispatching event socket_response
2022-04-27 13:32:57,637:DEBUG:discord.client: Dispatching event message
2022-04-27 13:32:57,707:DEBUG:discord.http: POST https://discord.com/api/v7/channels/967883176225693769/messages with {"content":"New message"} has returned 200
2022-04-27 13:32:57,708:DEBUG:discord.http: POST https://discord.com/api/v7/channels/967883176225693769/messages has received {'id': '968822057062264852', 'type': 0, 'content': 'New message', 'channel_id': '967883176225693769', 'author': {'id': '967473716609056788', 'username': 'Test_Bot', 'avatar': None, 'avatar_decoration': None, 'discriminator': '7362', 'public_flags': 0, 'bot': True}, 'attachments': [], 'embeds': [], 'mentions': [], 'mention_roles': [], 'pinned': False, 'mention_everyone': False, 'tts': False, 'timestamp': '2022-04-27T10:32:58.247000+00:00', 'edited_timestamp': None, 'flags': 0, 'components': [], 'referenced_message': None}
2022-04-27 13:33:00,399:DEBUG:discord.client: Dispatching event socket_raw_receive
2022-04-27 13:33:00,400:DEBUG:discord.gateway: For Shard ID None: WebSocket Event: {'t': 'GUILD_MEMBER_ADD', 's': 5, 'op': 0, 'd': {'user': {'username': 'miek_super', 'public_flags': 0, 'id': '444135799697702912', 'discriminator': '0656', 'avatar_decoration': None, 'avatar': '17b0f0ef044bbaff60bf2cf0931a7269'}, 'roles': [], 'premium_since': None, 'pending': False, 'nick': None, 'mute': False, 'joined_at': '2022-04-27T10:33:01.018747+00:00', 'is_pending': False, 'guild_id': '967883175688802305', 'flags': 1, 'deaf': False, 'communication_disabled_until': None, 'avatar': None}}
2022-04-27 13:33:00,400:DEBUG:discord.client: Dispatching event socket_response
2022-04-27 13:33:00,401:DEBUG:discord.client: Dispatching event member_join
2022-04-27 13:33:00,423:DEBUG:discord.client: Dispatching event socket_raw_receive
2022-04-27 13:33:00,424:DEBUG:discord.gateway: For Shard ID None: WebSocket Event: {'t': 'PRESENCE_UPDATE', 's': 6, 'op': 0, 'd': {'user': {'username': 'miek_super', 'id': '444135799697702912', 'discriminator': '0656', 'avatar': '17b0f0ef044bbaff60bf2cf0931a7269'}, 'status': 'idle', 'roles': [], 'premium_since': None, 'nick': None, 'guild_id': '967883175688802305', 'game': {'type': 4, 'session_id': None, 'name': 'Custom Status', 'id': 'custom', 'emoji': {'name': '游냥'}, 'created_at': 1651055323859}, 'client_status': {'web': 'idle'}, 'activities': [{'type': 4, 'name': 'Custom Status', 'id': 'custom', 'emoji': {'name': '游냥'}, 'created_at': 1651055323859}]}}
2022-04-27 13:33:00,424:DEBUG:discord.client: Dispatching event socket_response
2022-04-27 13:33:00,424:DEBUG:discord.client: Dispatching event member_update
2022-04-27 13:33:00,424:DEBUG:discord.client: Dispatching event socket_raw_receive
2022-04-27 13:33:00,425:DEBUG:discord.gateway: For Shard ID None: WebSocket Event: {'t': 'GUILD_MEMBER_UPDATE', 's': 7, 'op': 0, 'd': {'user': {'username': 'miek_super', 'id': '444135799697702912', 'discriminator': '0656', 'avatar': '17b0f0ef044bbaff60bf2cf0931a7269'}, 'roles': [], 'premium_since': None, 'pending': False, 'nick': None, 'mute': False, 'joined_at': '2022-04-27T10:33:01.018747+00:00', 'hoisted_role': None, 'guild_id': '967883175688802305', 'flags': 1, 'deaf': False, 'communication_disabled_until': None, 'avatar': None}}
2022-04-27 13:33:00,425:DEBUG:discord.client: Dispatching event socket_response
2022-04-27 13:33:00,425:DEBUG:discord.client: Dispatching event member_update
2022-04-27 13:33:00,450:DEBUG:discord.client: Dispatching event socket_raw_receive
2022-04-27 13:33:00,451:DEBUG:discord.gateway: For Shard ID None: WebSocket Event: {'t': 'MESSAGE_CREATE', 's': 8, 'op': 0, 'd': {'type': 7, 'tts': False, 'timestamp': '2022-04-27T10:33:01.079000+00:00', 'pinned': False, 'mentions': [], 'mention_roles': [], 'mention_everyone': False, 'member': {'roles': [], 'premium_since': None, 'pending': False, 'nick': None, 'mute': False, 'joined_at': '2022-04-27T10:33:01.018747+00:00', 'hoisted_role': None, 'flags': 1, 'deaf': False, 'communication_disabled_until': None, 'avatar': None}, 'id': '968822068940529714', 'flags': 0, 'embeds': [], 'edited_timestamp': None, 'content': '', 'components': [], 'channel_id': '967883176225693769', 'author': {'username': 'miek_super', 'public_flags': 0, 'id': '444135799697702912', 'discriminator': '0656', 'avatar_decoration': None, 'avatar': '17b0f0ef044bbaff60bf2cf0931a7269'}, 'attachments': [], 'guild_id': '967883175688802305'}}
2022-04-27 13:33:00,451:DEBUG:discord.client: Dispatching event socket_response
2022-04-27 13:33:00,451:DEBUG:discord.client: Dispatching event message
2022-04-27 13:33:00,710:DEBUG:discord.client: Dispatching event socket_raw_receive
2022-04-27 13:33:00,710:DEBUG:discord.gateway: For Shard ID None: WebSocket Event: {'t': 'GUILD_MEMBER_REMOVE', 's': 9, 'op': 0, 'd': {'user': {'username': 'miek_super', 'public_flags': 0, 'id': '444135799697702912', 'discriminator': '0656', 'avatar_decoration': None, 'avatar': '17b0f0ef044bbaff60bf2cf0931a7269'}, 'guild_id': '967883175688802305'}}
2022-04-27 13:33:00,710:DEBUG:discord.client: Dispatching event socket_response
2022-04-27 13:33:00,710:DEBUG:discord.client: Dispatching event member_remove
2022-04-27 13:33:00,711:DEBUG:discord.http: DELETE https://discord.com/api/v7/guilds/967883175688802305/members/444135799697702912?reason=%D0%A2%D1%8B%20%D0%BF%D1%83%D1%81%D1%8C%D0%BA%D0%B0 with None has returned 204
2022-04-27 13:33:00,711:DEBUG:discord.http: DELETE https://discord.com/api/v7/guilds/967883175688802305/members/444135799697702912?reason=%D0%A2%D1%8B%20%D0%BF%D1%83%D1%81%D1%8C%D0%BA%D0%B0 has received 
2022-04-27 13:33:04,161:DEBUG:discord.client: Dispatching event socket_raw_receive
2022-04-27 13:33:04,161:DEBUG:discord.gateway: For Shard ID None: WebSocket Event: {'t': 'GUILD_MEMBER_ADD', 's': 10, 'op': 0, 'd': {'user': {'username': 'miek_super', 'public_flags': 0, 'id': '444135799697702912', 'discriminator': '0656', 'avatar_decoration': None, 'avatar': '17b0f0ef044bbaff60bf2cf0931a7269'}, 'roles': [], 'premium_since': None, 'pending': False, 'nick': None, 'mute': False, 'joined_at': '2022-04-27T10:33:04.697936+00:00', 'is_pending': False, 'guild_id': '967883175688802305', 'flags': 1, 'deaf': False, 'communication_disabled_until': None, 'avatar': None}}
2022-04-27 13:33:04,162:DEBUG:discord.client: Dispatching event socket_response
2022-04-27 13:33:04,162:DEBUG:discord.client: Dispatching event member_join
2022-04-27 13:33:04,163:DEBUG:discord.client: Dispatching event socket_raw_receive
2022-04-27 13:33:04,163:DEBUG:discord.gateway: For Shard ID None: WebSocket Event: {'t': 'PRESENCE_UPDATE', 's': 11, 'op': 0, 'd': {'user': {'username': 'miek_super', 'id': '444135799697702912', 'discriminator': '0656', 'avatar': '17b0f0ef044bbaff60bf2cf0931a7269'}, 'status': 'idle', 'roles': [], 'premium_since': None, 'nick': None, 'guild_id': '967883175688802305', 'game': {'type': 4, 'session_id': None, 'name': 'Custom Status', 'id': 'custom', 'emoji': {'name': '游냥'}, 'created_at': 1651055583778}, 'client_status': {'web': 'idle'}, 'activities': [{'type': 4, 'name': 'Custom Status', 'id': 'custom', 'emoji': {'name': '游냥'}, 'created_at': 1651055583778}]}}
2022-04-27 13:33:04,164:DEBUG:discord.client: Dispatching event socket_response
2022-04-27 13:33:04,164:DEBUG:discord.client: Dispatching event member_update
2022-04-27 13:33:04,165:DEBUG:discord.client: Dispatching event socket_raw_receive
2022-04-27 13:33:04,166:DEBUG:discord.gateway: For Shard ID None: WebSocket Event: {'t': 'GUILD_MEMBER_UPDATE', 's': 12, 'op': 0, 'd': {'user': {'username': 'miek_super', 'id': '444135799697702912', 'discriminator': '0656', 'avatar': '17b0f0ef044bbaff60bf2cf0931a7269'}, 'roles': [], 'premium_since': None, 'pending': False, 'nick': None, 'mute': False, 'joined_at': '2022-04-27T10:33:04.697936+00:00', 'hoisted_role': None, 'guild_id': '967883175688802305', 'flags': 1, 'deaf': False, 'communication_disabled_until': None, 'avatar': None}}
2022-04-27 13:33:04,167:DEBUG:discord.client: Dispatching event socket_response
2022-04-27 13:33:04,168:DEBUG:discord.client: Dispatching event member_update
2022-04-27 13:33:04,171:DEBUG:discord.client: Dispatching event socket_raw_receive
2022-04-27 13:33:04,172:DEBUG:discord.gateway: For Shard ID None: WebSocket Event: {'t': 'MESSAGE_CREATE', 's': 13, 'op': 0, 'd': {'type': 7, 'tts': False, 'timestamp': '2022-04-27T10:33:04.739000+00:00', 'pinned': False, 'mentions': [], 'mention_roles': [], 'mention_everyone': False, 'member': {'roles': [], 'premium_since': None, 'pending': False, 'nick': None, 'mute': False, 'joined_at': '2022-04-27T10:33:04.697936+00:00', 'hoisted_role': None, 'flags': 1, 'deaf': False, 'communication_disabled_until': None, 'avatar': None}, 'id': '968822084291661824', 'flags': 0, 'embeds': [], 'edited_timestamp': None, 'content': '', 'components': [], 'channel_id': '967883176225693769', 'author': {'username': 'miek_super', 'public_flags': 0, 'id': '444135799697702912', 'discriminator': '0656', 'avatar_decoration': None, 'avatar': '17b0f0ef044bbaff60bf2cf0931a7269'}, 'attachments': [], 'guild_id': '967883175688802305'}}
2022-04-27 13:33:04,173:DEBUG:discord.client: Dispatching event socket_response
2022-04-27 13:33:04,173:DEBUG:discord.client: Dispatching event message
2022-04-27 13:33:04,543:DEBUG:discord.client: Dispatching event socket_raw_receive
2022-04-27 13:33:04,544:DEBUG:discord.gateway: For Shard ID None: WebSocket Event: {'t': 'GUILD_MEMBER_REMOVE', 's': 14, 'op': 0, 'd': {'user': {'username': 'miek_super', 'public_flags': 0, 'id': '444135799697702912', 'discriminator': '0656', 'avatar_decoration': None, 'avatar': '17b0f0ef044bbaff60bf2cf0931a7269'}, 'guild_id': '967883175688802305'}}
2022-04-27 13:33:04,544:DEBUG:discord.client: Dispatching event socket_response
2022-04-27 13:33:04,544:DEBUG:discord.client: Dispatching event member_remove
2022-04-27 13:33:04,586:DEBUG:discord.http: DELETE https://discord.com/api/v7/guilds/967883175688802305/members/444135799697702912?reason=%D0%A2%D1%8B%20%D0%BF%D1%83%D1%81%D1%8C%D0%BA%D0%B0 with None has returned 204
2022-04-27 13:33:04,587:DEBUG:discord.http: DELETE https://discord.com/api/v7/guilds/967883175688802305/members/444135799697702912?reason=%D0%A2%D1%8B%20%D0%BF%D1%83%D1%81%D1%8C%D0%BA%D0%B0 has received 
2022-04-27 13:33:08,125:DEBUG:discord.client: Dispatching event socket_raw_receive
2022-04-27 13:33:08,125:DEBUG:discord.gateway: For Shard ID None: WebSocket Event: {'t': 'GUILD_MEMBER_ADD', 's': 15, 'op': 0, 'd': {'user': {'username': 'miek_super', 'public_flags': 0, 'id': '444135799697702912', 'discriminator': '0656', 'avatar_decoration': None, 'avatar': '17b0f0ef044bbaff60bf2cf0931a7269'}, 'roles': [], 'premium_since': None, 'pending': False, 'nick': None, 'mute': False, 'joined_at': '2022-04-27T10:33:08.711409+00:00', 'is_pending': False, 'guild_id': '967883175688802305', 'flags': 1, 'deaf': False, 'communication_disabled_until': None, 'avatar': None}}
2022-04-27 13:33:08,126:DEBUG:discord.client: Dispatching event socket_response
2022-04-27 13:33:08,126:DEBUG:discord.client: Dispatching event member_join
2022-04-27 13:33:08,127:DEBUG:discord.client: Dispatching event socket_raw_receive
2022-04-27 13:33:08,127:DEBUG:discord.gateway: For Shard ID None: WebSocket Event: {'t': 'PRESENCE_UPDATE', 's': 16, 'op': 0, 'd': {'user': {'username': 'miek_super', 'id': '444135799697702912', 'discriminator': '0656', 'avatar': '17b0f0ef044bbaff60bf2cf0931a7269'}, 'status': 'idle', 'roles': [], 'premium_since': None, 'nick': None, 'guild_id': '967883175688802305', 'game': {'type': 4, 'session_id': None, 'name': 'Custom Status', 'id': 'custom', 'emoji': {'name': '游냥'}, 'created_at': 1651055583778}, 'client_status': {'web': 'idle'}, 'activities': [{'type': 4, 'name': 'Custom Status', 'id': 'custom', 'emoji': {'name': '游냥'}, 'created_at': 1651055583778}]}}
2022-04-27 13:33:08,127:DEBUG:discord.client: Dispatching event socket_response
2022-04-27 13:33:08,128:DEBUG:discord.client: Dispatching event member_update
2022-04-27 13:33:08,128:DEBUG:discord.client: Dispatching event socket_raw_receive
2022-04-27 13:33:08,129:DEBUG:discord.gateway: For Shard ID None: WebSocket Event: {'t': 'GUILD_MEMBER_UPDATE', 's': 17, 'op': 0, 'd': {'user': {'username': 'miek_super', 'id': '444135799697702912', 'discriminator': '0656', 'avatar': '17b0f0ef044bbaff60bf2cf0931a7269'}, 'roles': [], 'premium_since': None, 'pending': False, 'nick': None, 'mute': False, 'joined_at': '2022-04-27T10:33:08.711409+00:00', 'hoisted_role': None, 'guild_id': '967883175688802305', 'flags': 1, 'deaf': False, 'communication_disabled_until': None, 'avatar': None}}
2022-04-27 13:33:08,129:DEBUG:discord.client: Dispatching event socket_response
2022-04-27 13:33:08,129:DEBUG:discord.client: Dispatching event member_update
2022-04-27 13:33:08,130:DEBUG:discord.client: Dispatching event socket_raw_receive
2022-04-27 13:33:08,130:DEBUG:discord.gateway: For Shard ID None: WebSocket Event: {'t': 'MESSAGE_CREATE', 's': 18, 'op': 0, 'd': {'type': 7, 'tts': False, 'timestamp': '2022-04-27T10:33:08.745000+00:00', 'pinned': False, 'mentions': [], 'mention_roles': [], 'mention_everyone': False, 'member': {'roles': [], 'premium_since': None, 'pending': False, 'nick': None, 'mute': False, 'joined_at': '2022-04-27T10:33:08.711409+00:00', 'hoisted_role': None, 'flags': 1, 'deaf': False, 'communication_disabled_until': None, 'avatar': None}, 'id': '968822101094060032', 'flags': 0, 'embeds': [], 'edited_timestamp': None, 'content': '', 'components': [], 'channel_id': '967883176225693769', 'author': {'username': 'miek_super', 'public_flags': 0, 'id': '444135799697702912', 'discriminator': '0656', 'avatar_decoration': None, 'avatar': '17b0f0ef044bbaff60bf2cf0931a7269'}, 'attachments': [], 'guild_id': '967883175688802305'}}
2022-04-27 13:33:08,130:DEBUG:discord.client: Dispatching event socket_response
2022-04-27 13:33:08,131:DEBUG:discord.client: Dispatching event message
2022-04-27 13:33:08,753:DEBUG:discord.client: Dispatching event socket_raw_receive
2022-04-27 13:33:08,754:DEBUG:discord.gateway: For Shard ID None: WebSocket Event: {'t': 'GUILD_MEMBER_REMOVE', 's': 19, 'op': 0, 'd': {'user': {'username': 'miek_super', 'public_flags': 0, 'id': '444135799697702912', 'discriminator': '0656', 'avatar_decoration': None, 'avatar': '17b0f0ef044bbaff60bf2cf0931a7269'}, 'guild_id': '967883175688802305'}}
2022-04-27 13:33:08,755:DEBUG:discord.client: Dispatching event socket_response
2022-04-27 13:33:08,755:DEBUG:discord.client: Dispatching event member_remove
2022-04-27 13:33:08,757:DEBUG:discord.http: DELETE https://discord.com/api/v7/guilds/967883175688802305/members/444135799697702912?reason=%D0%A2%D1%8B%20%D0%BF%D1%83%D1%81%D1%8C%D0%BA%D0%B0 with None has returned 204
2022-04-27 13:33:08,757:DEBUG:discord.http: DELETE https://discord.com/api/v7/guilds/967883175688802305/members/444135799697702912?reason=%D0%A2%D1%8B%20%D0%BF%D1%83%D1%81%D1%8C%D0%BA%D0%B0 has received 
2022-04-27 13:33:12,418:DEBUG:discord.gateway: Keeping shard ID None websocket alive with sequence 19.
2022-04-27 13:33:12,573:DEBUG:discord.client: Dispatching event socket_raw_receive
2022-04-27 13:33:12,574:DEBUG:discord.gateway: For Shard ID None: WebSocket Event: {'t': None, 's': None, 'op': 11, 'd': None}
2022-04-27 13:33:12,574:DEBUG:discord.client: Dispatching event socket_response
2022-04-27 13:33:53,684:DEBUG:discord.gateway: Keeping shard ID None websocket alive with sequence 19.
2022-04-27 13:33:53,837:DEBUG:discord.client: Dispatching event socket_raw_receive
2022-04-27 13:33:53,838:DEBUG:discord.gateway: For Shard ID None: WebSocket Event: {'t': None, 's': None, 'op': 11, 'd': None}
2022-04-27 13:33:53,838:DEBUG:discord.client: Dispatching event socket_response
2022-04-27 13:33:57,601:DEBUG:discord.client: Dispatching event socket_raw_receive
2022-04-27 13:33:57,602:DEBUG:discord.gateway: For Shard ID None: WebSocket Event: {'t': 'MESSAGE_CREATE', 's': 20, 'op': 0, 'd': {'type': 0, 'tts': False, 'timestamp': '2022-04-27T10:33:58.140000+00:00', 'referenced_message': None, 'pinned': False, 'mentions': [], 'mention_roles': [], 'mention_everyone': False, 'member': {'roles': ['967885527326027828'], 'mute': False, 'joined_at': '2022-04-24T20:31:32.221000+00:00', 'hoisted_role': None, 'flags': 0, 'deaf': False}, 'id': '968822308271706123', 'flags': 0, 'embeds': [], 'edited_timestamp': None, 'content': 'New message', 'components': [], 'channel_id': '967883176225693769', 'author': {'username': 'Test_Bot', 'public_flags': 0, 'id': '967473716609056788', 'discriminator': '7362', 'bot': True, 'avatar_decoration': None, 'avatar': None}, 'attachments': [], 'guild_id': '967883175688802305'}}
2022-04-27 13:33:57,602:DEBUG:discord.client: Dispatching event socket_response
2022-04-27 13:33:57,603:DEBUG:discord.client: Dispatching event message
2022-04-27 13:33:57,621:DEBUG:discord.http: POST https://discord.com/api/v7/channels/967883176225693769/messages with {"content":"New message"} has returned 200
2022-04-27 13:33:57,622:DEBUG:discord.http: POST https://discord.com/api/v7/channels/967883176225693769/messages has received {'id': '968822308271706123', 'type': 0, 'content': 'New message', 'channel_id': '967883176225693769', 'author': {'id': '967473716609056788', 'username': 'Test_Bot', 'avatar': None, 'avatar_decoration': None, 'discriminator': '7362', 'public_flags': 0, 'bot': True}, 'attachments': [], 'embeds': [], 'mentions': [], 'mention_roles': [], 'pinned': False, 'mention_everyone': False, 'tts': False, 'timestamp': '2022-04-27T10:33:58.140000+00:00', 'edited_timestamp': None, 'flags': 0, 'components': [], 'referenced_message': None}
